<?xml version="1.0" encoding="UTF-8"?>
<!-- Generated by org.testng.reporters.JUnitReportReporter -->
<testsuite hostname="IN-J8C0GY3" failures="0" tests="10" name="testcases.CartTests" time="9.990" errors="0" timestamp="2025-07-10T15:12:43 IST" skipped="0">
  <testcase classname="testcases.CartTests" name="testGetCartById" time="0.622"/>
  <testcase classname="testcases.CartTests" name="testGetCartsSorted" time="0.713"/>
  <testcase classname="testcases.CartTests" name="testCreateCart" time="3.607"/>
  <testcase classname="testcases.CartTests" name="testGetUserCart" time="0.812"/>
  <testcase classname="testcases.CartTests" name="testGetCartsSortedAsc" time="0.744"/>
  <testcase classname="testcases.CartTests" name="testGetAllCarts" time="0.690"/>
  <testcase classname="testcases.CartTests" name="testGetCartsWithLimit" time="0.676"/>
  <testcase classname="testcases.CartTests" name="testDeleteCart" time="0.756"/>
  <testcase classname="testcases.CartTests" name="testGetCartsByDateRange" time="0.724"/>
  <testcase classname="testcases.CartTests" name="testUpdateCart" time="0.646"/>
</testsuite> <!-- testcases.CartTests -->
