<?xml version="1.0" encoding="UTF-8"?>
<!-- Generated by org.testng.reporters.JUnitReportReporter -->
<testsuite hostname="IN-J8C0GY3" failures="0" tests="2" name="testcases.LoginTests" time="5.685" errors="0" timestamp="2025-07-18T16:13:21 IST" skipped="0">
  <testcase classname="testcases.LoginTests" name="testInvalidUserLogin" time="4.179"/>
  <testcase classname="testcases.LoginTests" name="testValidUserLogin" time="1.506"/>
</testsuite> <!-- testcases.LoginTests -->
