<?xml version="1.0" encoding="UTF-8"?>
<!-- Generated by org.testng.reporters.JUnitReportReporter -->
<testsuite hostname="IN-J8C0GY3" failures="0" tests="10" name="testcases.ProductTests" time="9.786" errors="0" timestamp="2025-07-10T15:05:14 IST" skipped="0">
  <testcase classname="testcases.ProductTests" name="testUpdateProduct" time="0.677"/>
  <testcase classname="testcases.ProductTests" name="testGetSortedProductsAsc" time="0.585"/>
  <testcase classname="testcases.ProductTests" name="testGetAllProducts" time="0.734"/>
  <testcase classname="testcases.ProductTests" name="testGetLimitedProducts" time="0.731"/>
  <testcase classname="testcases.ProductTests" name="testGetSortedProducts" time="0.659"/>
  <testcase classname="testcases.ProductTests" name="testAddNewProduct" time="3.627"/>
  <testcase classname="testcases.ProductTests" name="testGetAllCategories" time="0.728"/>
  <testcase classname="testcases.ProductTests" name="testGetProductsByCategory" time="0.711"/>
  <testcase classname="testcases.ProductTests" name="testDeleteProduct" time="0.732"/>
  <testcase classname="testcases.ProductTests" name="testGetSingleProductById" time="0.602"/>
</testsuite> <!-- testcases.ProductTests -->
