<?xml version="1.0" encoding="UTF-8"?>
<!-- Generated by org.testng.reporters.JUnitReportReporter -->
<testsuite hostname="IN-J8C0GY3" failures="0" tests="8" name="testcases.UserTests" time="10.661" errors="0" timestamp="2025-07-18T14:53:58 IST" skipped="0">
  <testcase classname="testcases.UserTests" name="testGetUsersSortedAsc" time="0.883"/>
  <testcase classname="testcases.UserTests" name="testDeleteUser" time="0.803"/>
  <testcase classname="testcases.UserTests" name="testGetUserById" time="0.710"/>
  <testcase classname="testcases.UserTests" name="testGetUsersSorted" time="0.979"/>
  <testcase classname="testcases.UserTests" name="testGetUsersWithLimit" time="0.912"/>
  <testcase classname="testcases.UserTests" name="testUpdateUser" time="0.739"/>
  <testcase classname="testcases.UserTests" name="testGetAllUsers" time="0.826"/>
  <testcase classname="testcases.UserTests" name="testCreateUser" time="4.809"/>
</testsuite> <!-- testcases.UserTests -->
