<?xml version="1.0" encoding="UTF-8"?>
<!-- Generated by org.testng.reporters.JUnitReportReporter -->
<testsuite hostname="IN-J8C0GY3" failures="0" tests="10" name="testcases.ProductTests" time="4.983" errors="0" timestamp="2025-08-04T17:33:33 IST" skipped="0">
  <testcase classname="testcases.ProductTests" name="testGetProductsByCategory" time="0.593"/>
  <testcase classname="testcases.ProductTests" name="testGetSingleProductById" time="0.450"/>
  <testcase classname="testcases.ProductTests" name="testGetAllProducts" time="0.511"/>
  <testcase classname="testcases.ProductTests" name="testAddNewProduct" time="0.496"/>
  <testcase classname="testcases.ProductTests" name="testDeleteProduct" time="0.548"/>
  <testcase classname="testcases.ProductTests" name="testUpdateProduct" time="0.459"/>
  <testcase classname="testcases.ProductTests" name="testGetAllCategories" time="0.439"/>
  <testcase classname="testcases.ProductTests" name="testGetLimitedProducts" time="0.535"/>
  <testcase classname="testcases.ProductTests" name="testGetSortedProducts" time="0.481"/>
  <testcase classname="testcases.ProductTests" name="testGetSortedProductsAsc" time="0.471"/>
</testsuite> <!-- testcases.ProductTests -->
