<?xml version="1.0" encoding="UTF-8"?>
<!-- Generated by org.testng.reporters.JUnitReportReporter -->
<testsuite hostname="IN-J8C0GY3" failures="0" tests="10" name="testcases.CartTests" time="11.299" errors="0" timestamp="2025-07-10T15:03:17 IST" skipped="0">
  <testcase classname="testcases.CartTests" name="testGetCartsWithLimit" time="0.780"/>
  <testcase classname="testcases.CartTests" name="testGetCartsByDateRange" time="0.877"/>
  <testcase classname="testcases.CartTests" name="testUpdateCart" time="0.633"/>
  <testcase classname="testcases.CartTests" name="testCreateCart" time="4.251"/>
  <testcase classname="testcases.CartTests" name="testGetUserCart" time="0.836"/>
  <testcase classname="testcases.CartTests" name="testGetAllCarts" time="0.696"/>
  <testcase classname="testcases.CartTests" name="testGetCartsSorted" time="0.895"/>
  <testcase classname="testcases.CartTests" name="testDeleteCart" time="0.787"/>
  <testcase classname="testcases.CartTests" name="testGetCartById" time="0.725"/>
  <testcase classname="testcases.CartTests" name="testGetCartsSortedAsc" time="0.819"/>
</testsuite> <!-- testcases.CartTests -->
