<?xml version="1.0" encoding="UTF-8"?>
<!-- Generated by org.testng.reporters.JUnitReportReporter -->
<testsuite hostname="IN-J8C0GY3" failures="0" tests="2" name="testcases.LoginTests" time="1.962" errors="0" timestamp="2025-08-04T17:33:33 IST" skipped="0">
  <testcase classname="testcases.LoginTests" name="testInvalidUserLogin" time="0.976"/>
  <testcase classname="testcases.LoginTests" name="testValidUserLogin" time="0.986"/>
</testsuite> <!-- testcases.LoginTests -->
