<?xml version="1.0" encoding="UTF-8"?>
<!-- Generated by org.testng.reporters.JUnitReportReporter -->
<testsuite hostname="IN-J8C0GY3" failures="0" tests="8" name="testcases.UserTests" time="5.938" errors="0" timestamp="2025-07-10T15:03:17 IST" skipped="0">
  <testcase classname="testcases.UserTests" name="testDeleteUser" time="0.658"/>
  <testcase classname="testcases.UserTests" name="testGetUsersSorted" time="0.737"/>
  <testcase classname="testcases.UserTests" name="testGetAllUsers" time="0.847"/>
  <testcase classname="testcases.UserTests" name="testGetUserById" time="0.720"/>
  <testcase classname="testcases.UserTests" name="testGetUsersSortedAsc" time="0.674"/>
  <testcase classname="testcases.UserTests" name="testCreateUser" time="0.968"/>
  <testcase classname="testcases.UserTests" name="testUpdateUser" time="0.612"/>
  <testcase classname="testcases.UserTests" name="testGetUsersWithLimit" time="0.722"/>
</testsuite> <!-- testcases.UserTests -->
