<?xml version="1.0" encoding="UTF-8"?>
<!-- Generated by org.testng.reporters.JUnitReportReporter -->
<testsuite hostname="IN-J8C0GY3" failures="0" tests="10" name="testcases.ProductTests" time="6.510" errors="0" timestamp="2025-07-10T15:03:17 IST" skipped="0">
  <testcase classname="testcases.ProductTests" name="testUpdateProduct" time="0.523"/>
  <testcase classname="testcases.ProductTests" name="testGetSingleProductById" time="0.615"/>
  <testcase classname="testcases.ProductTests" name="testGetAllProducts" time="0.663"/>
  <testcase classname="testcases.ProductTests" name="testDeleteProduct" time="0.723"/>
  <testcase classname="testcases.ProductTests" name="testGetSortedProducts" time="0.683"/>
  <testcase classname="testcases.ProductTests" name="testGetProductsByCategory" time="0.703"/>
  <testcase classname="testcases.ProductTests" name="testGetSortedProductsAsc" time="0.598"/>
  <testcase classname="testcases.ProductTests" name="testAddNewProduct" time="0.712"/>
  <testcase classname="testcases.ProductTests" name="testGetAllCategories" time="0.678"/>
  <testcase classname="testcases.ProductTests" name="testGetLimitedProducts" time="0.612"/>
</testsuite> <!-- testcases.ProductTests -->
