<?xml version="1.0" encoding="UTF-8"?>
<!-- Generated by org.testng.reporters.JUnitReportReporter -->
<testsuite hostname="IN-J8C0GY3" failures="0" tests="2" name="testcases.LoginTests" time="2.530" errors="0" timestamp="2025-07-10T15:03:17 IST" skipped="0">
  <testcase classname="testcases.LoginTests" name="testValidUserLogin" time="0.880"/>
  <testcase classname="testcases.LoginTests" name="testInvalidUserLogin" time="1.650"/>
</testsuite> <!-- testcases.LoginTests -->
