<?xml version="1.0" encoding="UTF-8"?>
<!-- Generated by org.testng.reporters.JUnitReportReporter -->
<testsuite hostname="IN-J8C0GY3" failures="0" tests="8" name="testcases.UserTests" time="4.509" errors="0" timestamp="2025-08-04T17:33:33 IST" skipped="0">
  <testcase classname="testcases.UserTests" name="testGetUsersSorted" time="0.575"/>
  <testcase classname="testcases.UserTests" name="testDeleteUser" time="0.528"/>
  <testcase classname="testcases.UserTests" name="testGetUserById" time="0.543"/>
  <testcase classname="testcases.UserTests" name="testGetUsersSortedAsc" time="0.574"/>
  <testcase classname="testcases.UserTests" name="testGetUsersWithLimit" time="0.547"/>
  <testcase classname="testcases.UserTests" name="testGetAllUsers" time="0.566"/>
  <testcase classname="testcases.UserTests" name="testUpdateUser" time="0.466"/>
  <testcase classname="testcases.UserTests" name="testCreateUser" time="0.710"/>
</testsuite> <!-- testcases.UserTests -->
