<?xml version="1.0" encoding="UTF-8"?>
<!-- Generated by org.testng.reporters.JUnitReportReporter -->
<testsuite hostname="IN-J8C0GY3" failures="0" tests="10" name="testcases.CartTests" time="7.735" errors="0" timestamp="2025-08-04T17:33:33 IST" skipped="0">
  <testcase classname="testcases.CartTests" name="testGetCartsSorted" time="0.558"/>
  <testcase classname="testcases.CartTests" name="testGetCartsByDateRange" time="0.704"/>
  <testcase classname="testcases.CartTests" name="testGetCartById" time="0.637"/>
  <testcase classname="testcases.CartTests" name="testGetAllCarts" time="0.595"/>
  <testcase classname="testcases.CartTests" name="testUpdateCart" time="0.501"/>
  <testcase classname="testcases.CartTests" name="testDeleteCart" time="0.618"/>
  <testcase classname="testcases.CartTests" name="testCreateCart" time="2.411"/>
  <testcase classname="testcases.CartTests" name="testGetUserCart" time="0.580"/>
  <testcase classname="testcases.CartTests" name="testGetCartsWithLimit" time="0.566"/>
  <testcase classname="testcases.CartTests" name="testGetCartsSortedAsc" time="0.565"/>
</testsuite> <!-- testcases.CartTests -->
